<?xml version="1.0" encoding="UTF-8"?>
<!-- Generated by org.testng.reporters.JUnitXMLReporter -->
<testsuite hostname="Thomas.familie.esche.gramer" name="NGTests" tests="8" failures="0" timestamp="11 Dec 2016 10:38:47 GMT" time="0.048" errors="0">
  <testcase name="@BeforeMethod setUp" time="0.0" classname="org.tinyheb.utils.ServerAdressResolverTest">
    <failure type="java.lang.NoClassDefFoundError" message="org/tinyheb/utils/ServerAdressResolver">
      <![CDATA[java.lang.NoClassDefFoundError: org/tinyheb/utils/ServerAdressResolver
	at org.tinyheb.utils.ServerAdressResolverTest.setUp(ServerAdressResolverTest.java:15)
Caused by: java.lang.ClassNotFoundException: org.tinyheb.utils.ServerAdressResolver
	at java.net.URLClassLoader.findClass(URLClassLoader.java:381)
	at java.lang.ClassLoader.loadClass(ClassLoader.java:424)
	at sun.misc.Launcher$AppClassLoader.loadClass(Launcher.java:331)
	at java.lang.ClassLoader.loadClass(ClassLoader.java:357)
	... 28 more
... Removed 27 stack frames]]>
    </failure>
  </testcase> <!-- @BeforeMethod setUp -->
  <testcase name="@BeforeMethod setUp" time="0.0" classname="org.tinyheb.utils.ServerAdressResolverTest">
    <skipped/>
  </testcase> <!-- @BeforeMethod setUp -->
  <testcase name="@BeforeMethod setUp" time="0.0" classname="org.tinyheb.utils.ServerAdressResolverTest">
    <skipped/>
  </testcase> <!-- @BeforeMethod setUp -->
  <testcase name="@BeforeMethod setUp" time="0.0" classname="org.tinyheb.utils.ServerAdressResolverTest">
    <skipped/>
  </testcase> <!-- @BeforeMethod setUp -->
  <testcase name="@BeforeMethod setUp" time="0.0" classname="org.tinyheb.utils.ServerAdressResolverTest">
    <skipped/>
  </testcase> <!-- @BeforeMethod setUp -->
  <testcase name="@BeforeMethod setUp" time="0.0" classname="org.tinyheb.utils.ServerAdressResolverTest">
    <skipped/>
  </testcase> <!-- @BeforeMethod setUp -->
  <testcase name="@BeforeMethod setUp" time="0.0" classname="org.tinyheb.utils.ServerAdressResolverTest">
    <skipped/>
  </testcase> <!-- @BeforeMethod setUp -->
  <testcase name="ValidIPAddressTest" time="0.001" classname="org.tinyheb.utils.ServerAdressResolverTest">
    <skipped/>
  </testcase> <!-- ValidIPAddressTest -->
  <testcase name="ValidIPAddressTest" time="0.001" classname="org.tinyheb.utils.ServerAdressResolverTest">
    <skipped/>
  </testcase> <!-- ValidIPAddressTest -->
  <testcase name="ValidIPAddressTest" time="0.001" classname="org.tinyheb.utils.ServerAdressResolverTest">
    <skipped/>
  </testcase> <!-- ValidIPAddressTest -->
  <testcase name="ValidIPAddressTest" time="0.0" classname="org.tinyheb.utils.ServerAdressResolverTest">
    <skipped/>
  </testcase> <!-- ValidIPAddressTest -->
  <testcase name="ValidIPAddressTest" time="0.001" classname="org.tinyheb.utils.ServerAdressResolverTest">
    <skipped/>
  </testcase> <!-- ValidIPAddressTest -->
  <testcase name="ValidIPAddressTest" time="0.001" classname="org.tinyheb.utils.ServerAdressResolverTest">
    <skipped/>
  </testcase> <!-- ValidIPAddressTest -->
  <testcase name="ValidIPAddressTest" time="0.001" classname="org.tinyheb.utils.ServerAdressResolverTest">
    <skipped/>
  </testcase> <!-- ValidIPAddressTest -->
  <testcase name="InValidIPAddressTest" time="0.0" classname="org.tinyheb.utils.ServerAdressResolverTest">
    <skipped/>
  </testcase> <!-- InValidIPAddressTest -->
</testsuite> <!-- NGTests -->
