<?xml version="1.0" encoding="UTF-8"?>
<!-- Generated by org.testng.reporters.JUnitXMLReporter -->
<testsuite hostname="Thomas.familie.esche.gramer" name="NGTests" tests="19" failures="0" timestamp="27 Nov 2016 15:10:03 GMT" time="0.067" errors="0">
  <testcase name="ValidIPAddressTest" time="0.005" classname="org.tinyheb.utils.ServerAdressResolverTest"/>
  <testcase name="ValidIPAddressTest" time="0.001" classname="org.tinyheb.utils.ServerAdressResolverTest"/>
  <testcase name="ValidIPAddressTest" time="0.001" classname="org.tinyheb.utils.ServerAdressResolverTest"/>
  <testcase name="ValidIPAddressTest" time="0.001" classname="org.tinyheb.utils.ServerAdressResolverTest"/>
  <testcase name="ValidIPAddressTest" time="0.001" classname="org.tinyheb.utils.ServerAdressResolverTest"/>
  <testcase name="ValidIPAddressTest" time="0.001" classname="org.tinyheb.utils.ServerAdressResolverTest"/>
  <testcase name="ValidIPAddressTest" time="0.001" classname="org.tinyheb.utils.ServerAdressResolverTest"/>
  <testcase name="InValidIPAddressTest" time="0.002" classname="org.tinyheb.utils.ServerAdressResolverTest"/>
  <testcase name="InValidIPAddressTest" time="0.004" classname="org.tinyheb.utils.ServerAdressResolverTest"/>
  <testcase name="InValidIPAddressTest" time="0.001" classname="org.tinyheb.utils.ServerAdressResolverTest"/>
  <testcase name="InValidIPAddressTest" time="0.001" classname="org.tinyheb.utils.ServerAdressResolverTest"/>
  <testcase name="InValidIPAddressTest" time="0.002" classname="org.tinyheb.utils.ServerAdressResolverTest"/>
  <testcase name="InValidIPAddressTest" time="0.001" classname="org.tinyheb.utils.ServerAdressResolverTest"/>
  <testcase name="InValidIPAddressTest" time="0.0" classname="org.tinyheb.utils.ServerAdressResolverTest"/>
  <testcase name="InValidIPAddressTest" time="0.001" classname="org.tinyheb.utils.ServerAdressResolverTest"/>
  <testcase name="InValidIPAddressTest" time="0.001" classname="org.tinyheb.utils.ServerAdressResolverTest"/>
  <testcase name="InValidIPAddressTest" time="0.001" classname="org.tinyheb.utils.ServerAdressResolverTest"/>
  <testcase name="InValidIPAddressTest" time="0.0" classname="org.tinyheb.utils.ServerAdressResolverTest"/>
  <testcase name="InValidIPAddressTest" time="0.001" classname="org.tinyheb.utils.ServerAdressResolverTest"/>
</testsuite> <!-- NGTests -->
