<?xml version="1.0" encoding="UTF-8"?>
<!-- Generated by org.testng.reporters.JUnitXMLReporter -->
<testsuite hostname="Thomas.familie.esche.gramer" name="Test" tests="24" failures="0" timestamp="27 Nov 2016 14:59:16 GMT" time="0.118" errors="0">
  <testcase name="@BeforeMethod setUp" time="0.0" classname="org.tinyheb.mobile.activity.MainActivityTests">
    <failure type="java.lang.UnsatisfiedLinkError" message="android.util.Log.isLoggable(Ljava/lang/String;I)Z">
      <![CDATA[java.lang.UnsatisfiedLinkError: android.util.Log.isLoggable(Ljava/lang/String;I)Z
	at android.util.Log.isLoggable(Native Method)
	at android.os.StrictMode.<clinit>(StrictMode.java:120)
	at android.app.Activity.<init>(Activity.java:789)
	at org.tinyheb.mobile.activity.AbstractActivity.<init>(AbstractActivity.java:16)
	at org.tinyheb.mobile.activity.MainActivity.<init>(MainActivity.java:14)
	at org.robolectric.util.ReflectionHelpers.callConstructor(ReflectionHelpers.java:285)
	at org.robolectric.Robolectric.buildActivity(Robolectric.java:92)
	at org.robolectric.Robolectric.buildActivity(Robolectric.java:88)
	at org.tinyheb.mobile.activity.MainActivityTests.setUp(MainActivityTests.java:35)
... Removed 30 stack frames]]>
    </failure>
  </testcase> <!-- @BeforeMethod setUp -->
  <testcase name="@BeforeMethod setUp" time="0.0" classname="org.tinyheb.mobile.activity.MainActivityTests">
    <skipped/>
  </testcase> <!-- @BeforeMethod setUp -->
  <testcase name="@BeforeMethod setUp" time="0.0" classname="org.tinyheb.mobile.activity.MainActivityTests">
    <skipped/>
  </testcase> <!-- @BeforeMethod setUp -->
  <testcase name="@BeforeMethod setUp" time="0.0" classname="org.tinyheb.mobile.activity.MainActivityTests">
    <skipped/>
  </testcase> <!-- @BeforeMethod setUp -->
  <testcase name="@BeforeMethod setUp" time="0.0" classname="org.tinyheb.mobile.activity.MainActivityTests">
    <skipped/>
  </testcase> <!-- @BeforeMethod setUp -->
  <testcase name="testStartSynchronizeButton" time="0.001" classname="org.tinyheb.mobile.activity.MainActivityTests">
    <skipped/>
  </testcase> <!-- testStartSynchronizeButton -->
  <testcase name="testStartPatronShowButton" time="0.001" classname="org.tinyheb.mobile.activity.MainActivityTests">
    <skipped/>
  </testcase> <!-- testStartPatronShowButton -->
  <testcase name="testAPIServerSearchResultHandling" time="0.0" classname="org.tinyheb.mobile.activity.MainActivityTests">
    <skipped/>
  </testcase> <!-- testAPIServerSearchResultHandling -->
  <testcase name="testStartPatronInsertButton" time="0.001" classname="org.tinyheb.mobile.activity.MainActivityTests">
    <skipped/>
  </testcase> <!-- testStartPatronInsertButton -->
  <testcase name="testWifiConnectionChangeEventHandling" time="0.0" classname="org.tinyheb.mobile.activity.MainActivityTests">
    <skipped/>
  </testcase> <!-- testWifiConnectionChangeEventHandling -->
  <testcase name="ValidIPAddressTest" time="0.002" classname="org.tinyheb.utils.ServerAdressResolverTest"/>
  <testcase name="ValidIPAddressTest" time="0.001" classname="org.tinyheb.utils.ServerAdressResolverTest"/>
  <testcase name="ValidIPAddressTest" time="0.001" classname="org.tinyheb.utils.ServerAdressResolverTest"/>
  <testcase name="ValidIPAddressTest" time="0.0" classname="org.tinyheb.utils.ServerAdressResolverTest"/>
  <testcase name="ValidIPAddressTest" time="0.001" classname="org.tinyheb.utils.ServerAdressResolverTest"/>
  <testcase name="ValidIPAddressTest" time="0.0" classname="org.tinyheb.utils.ServerAdressResolverTest"/>
  <testcase name="ValidIPAddressTest" time="0.001" classname="org.tinyheb.utils.ServerAdressResolverTest"/>
  <testcase name="InValidIPAddressTest" time="0.001" classname="org.tinyheb.utils.ServerAdressResolverTest"/>
  <testcase name="InValidIPAddressTest" time="0.0" classname="org.tinyheb.utils.ServerAdressResolverTest"/>
  <testcase name="InValidIPAddressTest" time="0.001" classname="org.tinyheb.utils.ServerAdressResolverTest"/>
  <testcase name="InValidIPAddressTest" time="0.0" classname="org.tinyheb.utils.ServerAdressResolverTest"/>
  <testcase name="InValidIPAddressTest" time="0.0" classname="org.tinyheb.utils.ServerAdressResolverTest"/>
  <testcase name="InValidIPAddressTest" time="0.001" classname="org.tinyheb.utils.ServerAdressResolverTest"/>
  <testcase name="InValidIPAddressTest" time="0.001" classname="org.tinyheb.utils.ServerAdressResolverTest"/>
  <testcase name="InValidIPAddressTest" time="0.001" classname="org.tinyheb.utils.ServerAdressResolverTest"/>
  <testcase name="InValidIPAddressTest" time="0.001" classname="org.tinyheb.utils.ServerAdressResolverTest"/>
  <testcase name="InValidIPAddressTest" time="0.001" classname="org.tinyheb.utils.ServerAdressResolverTest"/>
  <testcase name="InValidIPAddressTest" time="0.0" classname="org.tinyheb.utils.ServerAdressResolverTest"/>
  <testcase name="InValidIPAddressTest" time="0.0" classname="org.tinyheb.utils.ServerAdressResolverTest"/>
</testsuite> <!-- Test -->
