<?xml version="1.0" encoding="UTF-8"?>
<!-- Generated by org.testng.reporters.JUnitXMLReporter -->
<testsuite hostname="Thomas.familie.esche.gramer" name="Default test(failed)(failed)" tests="8" failures="0" timestamp="27 Nov 2016 13:42:08 GMT" time="0.041" errors="0">
  <testcase name="@BeforeMethod setUp" time="0.0" classname="org.tinyheb.utils.ServerAdressResolverTest">
    <failure type="java.lang.NoClassDefFoundError" message="org/tinyheb/utils/ServerAdressResolver">
      <![CDATA[java.lang.NoClassDefFoundError: org/tinyheb/utils/ServerAdressResolver
	at org.tinyheb.utils.ServerAdressResolverTest.setUp(ServerAdressResolverTest.java:15)
Caused by: java.lang.ClassNotFoundException: org.tinyheb.utils.ServerAdressResolver
	at java.net.URLClassLoader.findClass(URLClassLoader.java:381)
	at java.lang.ClassLoader.loadClass(ClassLoader.java:424)
	at sun.misc.Launcher$AppClassLoader.loadClass(Launcher.java:331)
	at java.lang.ClassLoader.loadClass(ClassLoader.java:357)
	... 27 more
... Removed 26 stack frames]]>
    </failure>
  </testcase> <!-- @BeforeMethod setUp -->
  <testcase name="@BeforeMethod setUp" time="0.0" classname="org.tinyheb.utils.ServerAdressResolverTest">
    <skipped/>
  </testcase> <!-- @BeforeMethod setUp -->
  <testcase name="@BeforeMethod setUp" time="0.0" classname="org.tinyheb.utils.ServerAdressResolverTest">
    <skipped/>
  </testcase> <!-- @BeforeMethod setUp -->
  <testcase name="@BeforeMethod setUp" time="0.0" classname="org.tinyheb.utils.ServerAdressResolverTest">
    <skipped/>
  </testcase> <!-- @BeforeMethod setUp -->
  <testcase name="@BeforeMethod setUp" time="0.0" classname="org.tinyheb.utils.ServerAdressResolverTest">
    <skipped/>
  </testcase> <!-- @BeforeMethod setUp -->
  <testcase name="@BeforeMethod setUp" time="0.0" classname="org.tinyheb.utils.ServerAdressResolverTest">
    <skipped/>
  </testcase> <!-- @BeforeMethod setUp -->
  <testcase name="@BeforeMethod setUp" time="0.0" classname="org.tinyheb.utils.ServerAdressResolverTest">
    <skipped/>
  </testcase> <!-- @BeforeMethod setUp -->
  <testcase name="@BeforeMethod setUp" time="0.0" classname="org.tinyheb.utils.ServerAdressResolverTest">
    <skipped/>
  </testcase> <!-- @BeforeMethod setUp -->
  <testcase name="getIP" time="0.001" classname="org.tinyheb.utils.ServerAdressResolverTest">
    <skipped/>
  </testcase> <!-- getIP -->
  <testcase name="getIP" time="0.001" classname="org.tinyheb.utils.ServerAdressResolverTest">
    <skipped/>
  </testcase> <!-- getIP -->
  <testcase name="getIP" time="0.001" classname="org.tinyheb.utils.ServerAdressResolverTest">
    <skipped/>
  </testcase> <!-- getIP -->
  <testcase name="getIP" time="0.001" classname="org.tinyheb.utils.ServerAdressResolverTest">
    <skipped/>
  </testcase> <!-- getIP -->
  <testcase name="getIP" time="0.001" classname="org.tinyheb.utils.ServerAdressResolverTest">
    <skipped/>
  </testcase> <!-- getIP -->
  <testcase name="getIP" time="0.001" classname="org.tinyheb.utils.ServerAdressResolverTest">
    <skipped/>
  </testcase> <!-- getIP -->
  <testcase name="getIP" time="0.001" classname="org.tinyheb.utils.ServerAdressResolverTest">
    <skipped/>
  </testcase> <!-- getIP -->
  <testcase name="validate" time="0.0" classname="org.tinyheb.utils.ServerAdressResolverTest">
    <skipped/>
  </testcase> <!-- validate -->
</testsuite> <!-- Default test(failed)(failed) -->
